Could not find/open font when opening font "arial", using internal non-scalable font

	title is " Simultaneous users and opened TCP/UDP connections", offset at ((character units) 0, 0, 0)

Warning: empty x range [0:0], adjusting to [-1:1]
Warning: empty y range [0:0], adjusting to [-1:1]

	title is " maximum_simultaneous", offset at ((character units) 0, 0, 0)

Warning: empty x range [0:0], adjusting to [-1:1]
Warning: empty y range [0:0], adjusting to [-1:1]
Could not find/open font when opening font "arial", using internal non-scalable font

	title is " Simultaneous users and opened TCP/UDP connections", offset at ((character units) 0, 0, 0)

Warning: empty x range [0:0], adjusting to [-1:1]
Warning: empty y range [0:0], adjusting to [-1:1]

	title is " maximum_simultaneous", offset at ((character units) 0, 0, 0)

Warning: empty x range [0:0], adjusting to [-1:1]
Warning: empty y range [0:0], adjusting to [-1:1]
Could not find/open font when opening font "arial", using internal non-scalable font

	title is " Users arrival/departure rate", offset at ((character units) 0, 0, 0)

Warning: empty x range [0:0], adjusting to [-1:1]
Warning: empty y range [0:0], adjusting to [-1:1]

	title is " Total users", offset at ((character units) 0, 0, 0)

Warning: empty x range [0:0], adjusting to [-1:1]
Warning: empty y range [0:0], adjusting to [-1:1]
Could not find/open font when opening font "arial", using internal non-scalable font

	title is " Users arrival/departure rate", offset at ((character units) 0, 0, 0)

Warning: empty x range [0:0], adjusting to [-1:1]
Warning: empty y range [0:0], adjusting to [-1:1]

	title is " Total users", offset at ((character units) 0, 0, 0)

Warning: empty x range [0:0], adjusting to [-1:1]
Warning: empty y range [0:0], adjusting to [-1:1]
Could not find/open font when opening font "arial", using internal non-scalable font

	title is " rate", offset at ((character units) 0, 0, 0)

Warning: empty x range [0:0], adjusting to [-1:1]
Warning: empty y range [1:1], adjusting to [0.99:1.01]

	title is " mean", offset at ((character units) 0, 0, 0)

Warning: empty x range [0:0], adjusting to [-1:1]
Warning: empty y range [0.27476:0.27476], adjusting to [0.272013:0.277508]

	title is " stddev", offset at ((character units) 0, 0, 0)

Warning: empty x range [0:0], adjusting to [-1:1]
Warning: empty y range [0:0], adjusting to [-1:1]

	title is " max_sample", offset at ((character units) 0, 0, 0)

Warning: empty x range [0:0], adjusting to [-1:1]
Warning: empty y range [0.27476:0.27476], adjusting to [0.272013:0.277508]

	title is " min_sample", offset at ((character units) 0, 0, 0)

Warning: empty x range [0:0], adjusting to [-1:1]
Warning: empty y range [0.27476:0.27476], adjusting to [0.272013:0.277508]
Could not find/open font when opening font "arial", using internal non-scalable font

	title is " rate", offset at ((character units) 0, 0, 0)

Warning: empty x range [0:0], adjusting to [-1:1]
Warning: empty y range [1:1], adjusting to [0.99:1.01]

	title is " mean", offset at ((character units) 0, 0, 0)

Warning: empty x range [0:0], adjusting to [-1:1]
Warning: empty y range [0.27476:0.27476], adjusting to [0.272013:0.277508]

	title is " stddev", offset at ((character units) 0, 0, 0)

Warning: empty x range [0:0], adjusting to [-1:1]
Warning: empty y range [0:0], adjusting to [-1:1]

	title is " max_sample", offset at ((character units) 0, 0, 0)

Warning: empty x range [0:0], adjusting to [-1:1]
Warning: empty y range [0.27476:0.27476], adjusting to [0.272013:0.277508]

	title is " min_sample", offset at ((character units) 0, 0, 0)

Warning: empty x range [0:0], adjusting to [-1:1]
Warning: empty y range [0.27476:0.27476], adjusting to [0.272013:0.277508]
Could not find/open font when opening font "arial", using internal non-scalable font

	title is " rate", offset at ((character units) 0, 0, 0)

Warning: empty x range [0:0], adjusting to [-1:1]
Warning: empty y range [1:1], adjusting to [0.99:1.01]

	title is " mean", offset at ((character units) 0, 0, 0)

Warning: empty x range [0:0], adjusting to [-1:1]
Warning: empty y range [3162.88:3162.88], adjusting to [3131.25:3194.51]

	title is " stddev", offset at ((character units) 0, 0, 0)

Warning: empty x range [0:0], adjusting to [-1:1]
Warning: empty y range [0:0], adjusting to [-1:1]

	title is " max_sample", offset at ((character units) 0, 0, 0)

Warning: empty x range [0:0], adjusting to [-1:1]
Warning: empty y range [3162.88:3162.88], adjusting to [3131.25:3194.51]

	title is " min_sample", offset at ((character units) 0, 0, 0)

Warning: empty x range [0:0], adjusting to [-1:1]
Warning: empty y range [3162.88:3162.88], adjusting to [3131.25:3194.51]
Could not find/open font when opening font "arial", using internal non-scalable font

	title is " rate", offset at ((character units) 0, 0, 0)

Warning: empty x range [0:0], adjusting to [-1:1]
Warning: empty y range [1:1], adjusting to [0.99:1.01]

	title is " mean", offset at ((character units) 0, 0, 0)

Warning: empty x range [0:0], adjusting to [-1:1]
Warning: empty y range [3162.88:3162.88], adjusting to [3131.25:3194.51]

	title is " stddev", offset at ((character units) 0, 0, 0)

Warning: empty x range [0:0], adjusting to [-1:1]
Warning: empty y range [0:0], adjusting to [-1:1]

	title is " max_sample", offset at ((character units) 0, 0, 0)

Warning: empty x range [0:0], adjusting to [-1:1]
Warning: empty y range [3162.88:3162.88], adjusting to [3131.25:3194.51]

	title is " min_sample", offset at ((character units) 0, 0, 0)

Warning: empty x range [0:0], adjusting to [-1:1]
Warning: empty y range [3162.88:3162.88], adjusting to [3131.25:3194.51]
Could not find/open font when opening font "arial", using internal non-scalable font

	title is " rate", offset at ((character units) 0, 0, 0)

Warning: empty x range [0:0], adjusting to [-1:1]
Warning: empty y range [1:1], adjusting to [0.99:1.01]

	title is " mean", offset at ((character units) 0, 0, 0)

Warning: empty x range [0:0], adjusting to [-1:1]
Warning: empty y range [0:0], adjusting to [-1:1]

	title is " stddev", offset at ((character units) 0, 0, 0)

Warning: empty x range [0:0], adjusting to [-1:1]
Warning: empty y range [0:0], adjusting to [-1:1]

	title is " max_sample", offset at ((character units) 0, 0, 0)

Warning: empty x range [0:0], adjusting to [-1:1]
Warning: empty y range [0:0], adjusting to [-1:1]

	title is " min_sample", offset at ((character units) 0, 0, 0)

Warning: empty x range [0:0], adjusting to [-1:1]
Warning: empty y range [0:0], adjusting to [-1:1]
Could not find/open font when opening font "arial", using internal non-scalable font

	title is " rate", offset at ((character units) 0, 0, 0)

Warning: empty x range [0:0], adjusting to [-1:1]
Warning: empty y range [1:1], adjusting to [0.99:1.01]

	title is " mean", offset at ((character units) 0, 0, 0)

Warning: empty x range [0:0], adjusting to [-1:1]
Warning: empty y range [0:0], adjusting to [-1:1]

	title is " stddev", offset at ((character units) 0, 0, 0)

Warning: empty x range [0:0], adjusting to [-1:1]
Warning: empty y range [0:0], adjusting to [-1:1]

	title is " max_sample", offset at ((character units) 0, 0, 0)

Warning: empty x range [0:0], adjusting to [-1:1]
Warning: empty y range [0:0], adjusting to [-1:1]

	title is " min_sample", offset at ((character units) 0, 0, 0)

Warning: empty x range [0:0], adjusting to [-1:1]
Warning: empty y range [0:0], adjusting to [-1:1]
